<?xml version="1.0" encoding="UTF-8"?>
<robot generator="Robot 6.1.1 (Python 3.11.5 on darwin)" generated="20231118 14:48:22.200" rpa="false" schemaversion="4">
<suite id="s1" name="Tests" source="/Users/heksaani/Library/CloudStorage/OneDrive-UniversityofHelsinki/2nd YEAR/II period/ohtu/palauturepositorio/viikko3/hello-robot/src/tests">
<suite id="s1-s1" name="Increase Counter" source="/Users/heksaani/Library/CloudStorage/OneDrive-UniversityofHelsinki/2nd YEAR/II period/ohtu/palauturepositorio/viikko3/hello-robot/src/tests/increase_counter.robot">
<test id="s1-s1-t1" name="Increase Counter Once" line="5">
<kw name="Counter Value Should Be" library="CounterLibrary">
<arg>0</arg>
<status status="PASS" starttime="20231118 14:48:22.210" endtime="20231118 14:48:22.210"/>
</kw>
<kw name="Increase Counter" library="CounterLibrary">
<status status="PASS" starttime="20231118 14:48:22.210" endtime="20231118 14:48:22.210"/>
</kw>
<kw name="Counter Value Should Be" library="CounterLibrary">
<arg>1</arg>
<status status="PASS" starttime="20231118 14:48:22.210" endtime="20231118 14:48:22.210"/>
</kw>
<status status="PASS" starttime="20231118 14:48:22.210" endtime="20231118 14:48:22.210"/>
</test>
<test id="s1-s1-t2" name="Increase Counter Many Times" line="10">
<kw name="Counter Value Should Be" library="CounterLibrary">
<arg>0</arg>
<status status="PASS" starttime="20231118 14:48:22.210" endtime="20231118 14:48:22.210"/>
</kw>
<kw name="Increase Counter" library="CounterLibrary">
<status status="PASS" starttime="20231118 14:48:22.210" endtime="20231118 14:48:22.210"/>
</kw>
<kw name="Increase Counter" library="CounterLibrary">
<status status="PASS" starttime="20231118 14:48:22.211" endtime="20231118 14:48:22.211"/>
</kw>
<kw name="Increase Counter" library="CounterLibrary">
<status status="PASS" starttime="20231118 14:48:22.211" endtime="20231118 14:48:22.211"/>
</kw>
<kw name="Counter Value Should Be" library="CounterLibrary">
<arg>3</arg>
<status status="PASS" starttime="20231118 14:48:22.211" endtime="20231118 14:48:22.211"/>
</kw>
<status status="PASS" starttime="20231118 14:48:22.210" endtime="20231118 14:48:22.211"/>
</test>
<test id="s1-s1-t3" name="Increment Counter By Amount" line="17">
<kw name="Counter Value Should Be" library="CounterLibrary">
<arg>0</arg>
<status status="PASS" starttime="20231118 14:48:22.211" endtime="20231118 14:48:22.211"/>
</kw>
<kw name="Increment Counter By" library="CounterLibrary">
<arg>5</arg>
<status status="PASS" starttime="20231118 14:48:22.211" endtime="20231118 14:48:22.211"/>
</kw>
<kw name="Counter Value Should Be" library="CounterLibrary">
<arg>5</arg>
<status status="PASS" starttime="20231118 14:48:22.211" endtime="20231118 14:48:22.211"/>
</kw>
<status status="PASS" starttime="20231118 14:48:22.211" endtime="20231118 14:48:22.211"/>
</test>
<status status="PASS" starttime="20231118 14:48:22.208" endtime="20231118 14:48:22.211"/>
</suite>
<suite id="s1-s2" name="Reset Counter" source="/Users/heksaani/Library/CloudStorage/OneDrive-UniversityofHelsinki/2nd YEAR/II period/ohtu/palauturepositorio/viikko3/hello-robot/src/tests/reset_counter.robot">
<test id="s1-s2-t1" name="Reset Counter After One Increment" line="5">
<kw name="Counter Value Should Be" library="CounterLibrary">
<arg>0</arg>
<status status="PASS" starttime="20231118 14:48:22.212" endtime="20231118 14:48:22.212"/>
</kw>
<kw name="Increase Counter" library="CounterLibrary">
<status status="PASS" starttime="20231118 14:48:22.212" endtime="20231118 14:48:22.212"/>
</kw>
<kw name="Counter Value Should Be" library="CounterLibrary">
<arg>1</arg>
<status status="PASS" starttime="20231118 14:48:22.212" endtime="20231118 14:48:22.212"/>
</kw>
<kw name="Reset Counter" library="CounterLibrary">
<status status="PASS" starttime="20231118 14:48:22.212" endtime="20231118 14:48:22.212"/>
</kw>
<kw name="Counter Value Should Be" library="CounterLibrary">
<arg>0</arg>
<status status="PASS" starttime="20231118 14:48:22.213" endtime="20231118 14:48:22.213"/>
</kw>
<status status="PASS" starttime="20231118 14:48:22.212" endtime="20231118 14:48:22.213"/>
</test>
<test id="s1-s2-t2" name="Reset Counter After Several Increments" line="12">
<kw name="Counter Value Should Be" library="CounterLibrary">
<arg>0</arg>
<status status="PASS" starttime="20231118 14:48:22.213" endtime="20231118 14:48:22.213"/>
</kw>
<kw name="Increment Counter By" library="CounterLibrary">
<arg>5</arg>
<status status="PASS" starttime="20231118 14:48:22.213" endtime="20231118 14:48:22.213"/>
</kw>
<kw name="Counter Value Should Be" library="CounterLibrary">
<arg>5</arg>
<status status="PASS" starttime="20231118 14:48:22.213" endtime="20231118 14:48:22.213"/>
</kw>
<kw name="Reset Counter" library="CounterLibrary">
<status status="PASS" starttime="20231118 14:48:22.213" endtime="20231118 14:48:22.213"/>
</kw>
<kw name="Counter Value Should Be" library="CounterLibrary">
<arg>0</arg>
<status status="PASS" starttime="20231118 14:48:22.213" endtime="20231118 14:48:22.213"/>
</kw>
<status status="PASS" starttime="20231118 14:48:22.213" endtime="20231118 14:48:22.213"/>
</test>
<status status="PASS" starttime="20231118 14:48:22.211" endtime="20231118 14:48:22.213"/>
</suite>
<status status="PASS" starttime="20231118 14:48:22.201" endtime="20231118 14:48:22.213"/>
</suite>
<statistics>
<total>
<stat pass="5" fail="0" skip="0">All Tests</stat>
</total>
<tag>
</tag>
<suite>
<stat pass="5" fail="0" skip="0" id="s1" name="Tests">Tests</stat>
<stat pass="3" fail="0" skip="0" id="s1-s1" name="Increase Counter">Tests.Increase Counter</stat>
<stat pass="2" fail="0" skip="0" id="s1-s2" name="Reset Counter">Tests.Reset Counter</stat>
</suite>
</statistics>
<errors>
</errors>
</robot>
