<?xml version="1.0" encoding="UTF-8"?>
<robot generator="Robot 6.1.1 (Python 3.11.5 on darwin)" generated="20231118 14:41:59.924" rpa="false" schemaversion="4">
<suite id="s1" name="Tests" source="/Users/heksaani/Library/CloudStorage/OneDrive-UniversityofHelsinki/2nd YEAR/II period/ohtu/palauturepositorio/viikko3/login-robot/src/tests">
<suite id="s1-s1" name="Login" source="/Users/heksaani/Library/CloudStorage/OneDrive-UniversityofHelsinki/2nd YEAR/II period/ohtu/palauturepositorio/viikko3/login-robot/src/tests/login.robot">
<test id="s1-s1-t1" name="Login With Correct Credentials" line="6">
<kw name="Create User And Input Login Command" type="SETUP">
<kw name="Create User" library="AppLibrary">
<arg>kalle</arg>
<arg>kalle123</arg>
<status status="PASS" starttime="20231118 14:41:59.935" endtime="20231118 14:41:59.935"/>
</kw>
<kw name="Input Login Command" library="resource">
<kw name="Input" library="AppLibrary">
<arg>login</arg>
<status status="PASS" starttime="20231118 14:41:59.935" endtime="20231118 14:41:59.935"/>
</kw>
<status status="PASS" starttime="20231118 14:41:59.935" endtime="20231118 14:41:59.935"/>
</kw>
<status status="PASS" starttime="20231118 14:41:59.935" endtime="20231118 14:41:59.935"/>
</kw>
<kw name="Input Credentials" library="resource">
<arg>kalle</arg>
<arg>kalle123</arg>
<kw name="Input" library="AppLibrary">
<arg>${username}</arg>
<status status="PASS" starttime="20231118 14:41:59.935" endtime="20231118 14:41:59.935"/>
</kw>
<kw name="Input" library="AppLibrary">
<arg>${password}</arg>
<status status="PASS" starttime="20231118 14:41:59.935" endtime="20231118 14:41:59.935"/>
</kw>
<kw name="Run Application" library="AppLibrary">
<status status="PASS" starttime="20231118 14:41:59.935" endtime="20231118 14:41:59.935"/>
</kw>
<status status="PASS" starttime="20231118 14:41:59.935" endtime="20231118 14:41:59.935"/>
</kw>
<kw name="Output Should Contain" library="AppLibrary">
<arg>Logged in</arg>
<status status="PASS" starttime="20231118 14:41:59.936" endtime="20231118 14:41:59.936"/>
</kw>
<status status="PASS" starttime="20231118 14:41:59.935" endtime="20231118 14:41:59.936"/>
</test>
<status status="PASS" starttime="20231118 14:41:59.932" endtime="20231118 14:41:59.936"/>
</suite>
<status status="PASS" starttime="20231118 14:41:59.925" endtime="20231118 14:41:59.936"/>
</suite>
<statistics>
<total>
<stat pass="1" fail="0" skip="0">All Tests</stat>
</total>
<tag>
</tag>
<suite>
<stat pass="1" fail="0" skip="0" id="s1" name="Tests">Tests</stat>
<stat pass="1" fail="0" skip="0" id="s1-s1" name="Login">Tests.Login</stat>
</suite>
</statistics>
<errors>
</errors>
</robot>
